[0.007s] Invoking command in '/home/ssafy/ros2_ws/src/doteacher/doteacher/build/doteacher': CMAKE_PREFIX_PATH=${CMAKE_PREFIX_PATH}:/home/ssafy/ros2_ws/install/jetson_joystick_control:/home/ssafy/ros2_ws/install/doteacher_control:/home/ssafy/ros2_ws/install/xbox_controller:/home/ssafy/ros2_ws/install/joystick_control:/home/ssafy/ros2_ws/install/doteacher_teleops:/home/ssafy/ros2_ws/install/adaptive_motor_control:/opt/ros/humble /usr/bin/cmake /home/ssafy/ros2_ws/src/doteacher/doteacher -DCMAKE_INSTALL_PREFIX=/home/ssafy/ros2_ws/src/doteacher/doteacher/install/doteacher
[0.037s] -- The C compiler identification is GNU 11.4.0
[0.066s] -- The CXX compiler identification is GNU 11.4.0
[0.070s] -- Detecting C compiler ABI info
[0.106s] -- Detecting C compiler ABI info - done
[0.110s] -- Check for working C compiler: /usr/bin/cc - skipped
[0.110s] -- Detecting C compile features
[0.110s] -- Detecting C compile features - done
[0.111s] -- Detecting CXX compiler ABI info
[0.156s] -- Detecting CXX compiler ABI info - done
[0.159s] -- Check for working CXX compiler: /usr/bin/c++ - skipped
[0.159s] -- Detecting CXX compile features
[0.160s] -- Detecting CXX compile features - done
[0.161s] -- Found ament_cmake: 1.3.9 (/opt/ros/humble/share/ament_cmake/cmake)
[0.247s] -- Found Python3: /usr/bin/python3 (found version "3.10.12") found components: Interpreter 
[0.299s] -- Found ament_lint_auto: 0.12.11 (/opt/ros/humble/share/ament_lint_auto/cmake)
[0.344s] -- Added test 'cppcheck' to perform static code analysis on C / C++ code
[0.344s] -- Configured cppcheck include dirs: 
[0.344s] -- Configured cppcheck exclude dirs and/or files: 
[0.345s] -- Added test 'lint_cmake' to check CMake code style
[0.347s] -- Added test 'uncrustify' to check C / C++ code style
[0.347s] -- Configured uncrustify additional arguments: 
[0.347s] -- Added test 'xmllint' to check XML markup files
[0.348s] -- Configuring done
[0.349s] -- Generating done
[0.349s] -- Build files have been written to: /home/ssafy/ros2_ws/src/doteacher/doteacher/build/doteacher
[0.352s] Invoked command in '/home/ssafy/ros2_ws/src/doteacher/doteacher/build/doteacher' returned '0': CMAKE_PREFIX_PATH=${CMAKE_PREFIX_PATH}:/home/ssafy/ros2_ws/install/jetson_joystick_control:/home/ssafy/ros2_ws/install/doteacher_control:/home/ssafy/ros2_ws/install/xbox_controller:/home/ssafy/ros2_ws/install/joystick_control:/home/ssafy/ros2_ws/install/doteacher_teleops:/home/ssafy/ros2_ws/install/adaptive_motor_control:/opt/ros/humble /usr/bin/cmake /home/ssafy/ros2_ws/src/doteacher/doteacher -DCMAKE_INSTALL_PREFIX=/home/ssafy/ros2_ws/src/doteacher/doteacher/install/doteacher
[0.353s] Invoking command in '/home/ssafy/ros2_ws/src/doteacher/doteacher/build/doteacher': CMAKE_PREFIX_PATH=${CMAKE_PREFIX_PATH}:/home/ssafy/ros2_ws/install/jetson_joystick_control:/home/ssafy/ros2_ws/install/doteacher_control:/home/ssafy/ros2_ws/install/xbox_controller:/home/ssafy/ros2_ws/install/joystick_control:/home/ssafy/ros2_ws/install/doteacher_teleops:/home/ssafy/ros2_ws/install/adaptive_motor_control:/opt/ros/humble /usr/bin/cmake --build /home/ssafy/ros2_ws/src/doteacher/doteacher/build/doteacher -- -j20 -l20
[0.376s] Invoked command in '/home/ssafy/ros2_ws/src/doteacher/doteacher/build/doteacher' returned '0': CMAKE_PREFIX_PATH=${CMAKE_PREFIX_PATH}:/home/ssafy/ros2_ws/install/jetson_joystick_control:/home/ssafy/ros2_ws/install/doteacher_control:/home/ssafy/ros2_ws/install/xbox_controller:/home/ssafy/ros2_ws/install/joystick_control:/home/ssafy/ros2_ws/install/doteacher_teleops:/home/ssafy/ros2_ws/install/adaptive_motor_control:/opt/ros/humble /usr/bin/cmake --build /home/ssafy/ros2_ws/src/doteacher/doteacher/build/doteacher -- -j20 -l20
[0.393s] Invoking command in '/home/ssafy/ros2_ws/src/doteacher/doteacher/build/doteacher': CMAKE_PREFIX_PATH=${CMAKE_PREFIX_PATH}:/home/ssafy/ros2_ws/install/jetson_joystick_control:/home/ssafy/ros2_ws/install/doteacher_control:/home/ssafy/ros2_ws/install/xbox_controller:/home/ssafy/ros2_ws/install/joystick_control:/home/ssafy/ros2_ws/install/doteacher_teleops:/home/ssafy/ros2_ws/install/adaptive_motor_control:/opt/ros/humble /usr/bin/cmake --install /home/ssafy/ros2_ws/src/doteacher/doteacher/build/doteacher
[0.397s] -- Install configuration: ""
[0.397s] -- Installing: /home/ssafy/ros2_ws/src/doteacher/doteacher/install/doteacher/share/ament_index/resource_index/package_run_dependencies/doteacher
[0.397s] -- Installing: /home/ssafy/ros2_ws/src/doteacher/doteacher/install/doteacher/share/ament_index/resource_index/parent_prefix_path/doteacher
[0.397s] -- Installing: /home/ssafy/ros2_ws/src/doteacher/doteacher/install/doteacher/share/doteacher/environment/ament_prefix_path.sh
[0.397s] -- Installing: /home/ssafy/ros2_ws/src/doteacher/doteacher/install/doteacher/share/doteacher/environment/ament_prefix_path.dsv
[0.397s] -- Installing: /home/ssafy/ros2_ws/src/doteacher/doteacher/install/doteacher/share/doteacher/environment/path.sh
[0.397s] -- Installing: /home/ssafy/ros2_ws/src/doteacher/doteacher/install/doteacher/share/doteacher/environment/path.dsv
[0.398s] -- Installing: /home/ssafy/ros2_ws/src/doteacher/doteacher/install/doteacher/share/doteacher/local_setup.bash
[0.398s] -- Installing: /home/ssafy/ros2_ws/src/doteacher/doteacher/install/doteacher/share/doteacher/local_setup.sh
[0.398s] -- Installing: /home/ssafy/ros2_ws/src/doteacher/doteacher/install/doteacher/share/doteacher/local_setup.zsh
[0.398s] -- Installing: /home/ssafy/ros2_ws/src/doteacher/doteacher/install/doteacher/share/doteacher/local_setup.dsv
[0.398s] -- Installing: /home/ssafy/ros2_ws/src/doteacher/doteacher/install/doteacher/share/doteacher/package.dsv
[0.398s] -- Installing: /home/ssafy/ros2_ws/src/doteacher/doteacher/install/doteacher/share/ament_index/resource_index/packages/doteacher
[0.398s] -- Installing: /home/ssafy/ros2_ws/src/doteacher/doteacher/install/doteacher/share/doteacher/cmake/doteacherConfig.cmake
[0.398s] -- Installing: /home/ssafy/ros2_ws/src/doteacher/doteacher/install/doteacher/share/doteacher/cmake/doteacherConfig-version.cmake
[0.398s] -- Installing: /home/ssafy/ros2_ws/src/doteacher/doteacher/install/doteacher/share/doteacher/package.xml
[0.399s] Invoked command in '/home/ssafy/ros2_ws/src/doteacher/doteacher/build/doteacher' returned '0': CMAKE_PREFIX_PATH=${CMAKE_PREFIX_PATH}:/home/ssafy/ros2_ws/install/jetson_joystick_control:/home/ssafy/ros2_ws/install/doteacher_control:/home/ssafy/ros2_ws/install/xbox_controller:/home/ssafy/ros2_ws/install/joystick_control:/home/ssafy/ros2_ws/install/doteacher_teleops:/home/ssafy/ros2_ws/install/adaptive_motor_control:/opt/ros/humble /usr/bin/cmake --install /home/ssafy/ros2_ws/src/doteacher/doteacher/build/doteacher
